<?xml version="1.0" encoding="UTF-8"?>
<!-- Generated by org.testng.reporters.JUnitReportReporter -->
<testsuite hostname="dtvinh" failures="0" tests="3" name="TestCases.LogInTest" time="12.365" errors="0" timestamp="2022-09-15T17:38:00 ICT" skipped="0">
  <testcase classname="TestCases.LogInTest" name="TC_0002_LogInWithInvalidUsername" time="2.281"/>
  <system-out/>
  <testcase classname="TestCases.LogInTest" name="TC_0003_LogInWithInvalidPassword" time="2.243"/>
  <system-out/>
  <testcase classname="TestCases.LogInTest" name="TC_0001_LogInWithValidUsernameAndPassword" time="7.841"/>
  <system-out/>
</testsuite> <!-- TestCases.LogInTest -->
